{"C:\\Users\\DBU\\Desktop\\analyzer\\AI_Analayzer\\client\\src\\components\\Navbar.tsx": {"path":"C:\\Users\\DBU\\Desktop\\analyzer\\AI_Analayzer\\client\\src\\components\\Navbar.tsx","statementMap":{"0":{"start":{"line":11,"column":28},"end":{"line":11,"column":null}},"1":{"start":{"line":12,"column":10},"end":{"line":12,"column":null}},"2":{"start":{"line":13,"column":24},"end":{"line":13,"column":null}},"3":{"start":{"line":14,"column":10},"end":{"line":14,"column":null}},"4":{"start":{"line":16,"column":4},"end":{"line":30,"column":null}},"5":{"start":{"line":18,"column":8},"end":{"line":20,"column":null}},"6":{"start":{"line":19,"column":12},"end":{"line":19,"column":null}},"7":{"start":{"line":25,"column":12},"end":{"line":27,"column":null}},"8":{"start":{"line":26,"column":12},"end":{"line":26,"column":null}},"9":{"start":{"line":29,"column":8},"end":{"line":29,"column":null}},"10":{"start":{"line":29,"column":21},"end":{"line":29,"column":null}},"11":{"start":{"line":32,"column":25},"end":{"line":40,"column":null}},"12":{"start":{"line":33,"column":8},"end":{"line":39,"column":null}},"13":{"start":{"line":34,"column":12},"end":{"line":34,"column":null}},"14":{"start":{"line":35,"column":12},"end":{"line":35,"column":null}},"15":{"start":{"line":36,"column":12},"end":{"line":36,"column":null}},"16":{"start":{"line":38,"column":12},"end":{"line":38,"column":null}},"17":{"start":{"line":42,"column":24},"end":{"line":44,"column":null}},"18":{"start":{"line":43,"column":8},"end":{"line":43,"column":null}},"19":{"start":{"line":46,"column":4},"end":{"line":99,"column":null}}},"fnMap":{"0":{"name":"Navbar","decl":{"start":{"line":10,"column":16},"end":{"line":10,"column":25}},"loc":{"start":{"line":10,"column":25},"end":{"line":101,"column":null}},"line":10},"1":{"name":"(anonymous_1)","decl":{"start":{"line":16,"column":14},"end":{"line":16,"column":20}},"loc":{"start":{"line":16,"column":20},"end":{"line":30,"column":7}},"line":16},"2":{"name":"(anonymous_2)","decl":{"start":{"line":18,"column":40},"end":{"line":18,"column":41}},"loc":{"start":{"line":18,"column":67},"end":{"line":20,"column":9}},"line":18},"3":{"name":"(anonymous_3)","decl":{"start":{"line":25,"column":44},"end":{"line":25,"column":45}},"loc":{"start":{"line":25,"column":65},"end":{"line":27,"column":9}},"line":25},"4":{"name":"(anonymous_4)","decl":{"start":{"line":29,"column":15},"end":{"line":29,"column":21}},"loc":{"start":{"line":29,"column":21},"end":{"line":29,"column":null}},"line":29},"5":{"name":"(anonymous_5)","decl":{"start":{"line":32,"column":25},"end":{"line":32,"column":37}},"loc":{"start":{"line":32,"column":37},"end":{"line":40,"column":null}},"line":32},"6":{"name":"(anonymous_6)","decl":{"start":{"line":42,"column":24},"end":{"line":42,"column":30}},"loc":{"start":{"line":42,"column":30},"end":{"line":44,"column":null}},"line":42}},"branchMap":{"0":{"loc":{"start":{"line":19,"column":20},"end":{"line":19,"column":41}},"type":"binary-expr","locations":[{"start":{"line":19,"column":20},"end":{"line":19,"column":37}},{"start":{"line":19,"column":37},"end":{"line":19,"column":41}}],"line":19},"1":{"loc":{"start":{"line":26,"column":20},"end":{"line":26,"column":41}},"type":"binary-expr","locations":[{"start":{"line":26,"column":20},"end":{"line":26,"column":37}},{"start":{"line":26,"column":37},"end":{"line":26,"column":41}}],"line":26},"2":{"loc":{"start":{"line":38,"column":24},"end":{"line":38,"column":56}},"type":"binary-expr","locations":[{"start":{"line":38,"column":24},"end":{"line":38,"column":41}},{"start":{"line":38,"column":41},"end":{"line":38,"column":56}}],"line":38},"3":{"loc":{"start":{"line":43,"column":17},"end":{"line":43,"column":52}},"type":"cond-expr","locations":[{"start":{"line":43,"column":36},"end":{"line":43,"column":46}},{"start":{"line":43,"column":46},"end":{"line":43,"column":52}}],"line":43},"4":{"loc":{"start":{"line":47,"column":243},"end":{"line":47,"column":327}},"type":"cond-expr","locations":[{"start":{"line":47,"column":266},"end":{"line":47,"column":298}},{"start":{"line":47,"column":298},"end":{"line":47,"column":327}}],"line":47},"5":{"loc":{"start":{"line":50,"column":67},"end":{"line":50,"column":118}},"type":"cond-expr","locations":[{"start":{"line":50,"column":90},"end":{"line":50,"column":95}},{"start":{"line":50,"column":95},"end":{"line":50,"column":118}}],"line":50},"6":{"loc":{"start":{"line":57,"column":21},"end":{"line":80,"column":null}},"type":"binary-expr","locations":[{"start":{"line":57,"column":21},"end":{"line":57,"column":null}},{"start":{"line":58,"column":24},"end":{"line":80,"column":null}}],"line":57},"7":{"loc":{"start":{"line":67,"column":103},"end":{"line":67,"column":151}},"type":"cond-expr","locations":[{"start":{"line":67,"column":126},"end":{"line":67,"column":131}},{"start":{"line":67,"column":131},"end":{"line":67,"column":151}}],"line":67},"8":{"loc":{"start":{"line":87,"column":66},"end":{"line":87,"column":112}},"type":"cond-expr","locations":[{"start":{"line":87,"column":89},"end":{"line":87,"column":94}},{"start":{"line":87,"column":94},"end":{"line":87,"column":112}}],"line":87},"9":{"loc":{"start":{"line":88,"column":35},"end":{"line":88,"column":null}},"type":"cond-expr","locations":[{"start":{"line":88,"column":54},"end":{"line":88,"column":79}},{"start":{"line":88,"column":79},"end":{"line":88,"column":null}}],"line":88},"10":{"loc":{"start":{"line":89,"column":31},"end":{"line":89,"column":null}},"type":"cond-expr","locations":[{"start":{"line":89,"column":50},"end":{"line":89,"column":65}},{"start":{"line":89,"column":65},"end":{"line":89,"column":null}}],"line":89},"11":{"loc":{"start":{"line":91,"column":25},"end":{"line":94,"column":null}},"type":"cond-expr","locations":[{"start":{"line":92,"column":28},"end":{"line":92,"column":null}},{"start":{"line":94,"column":28},"end":{"line":94,"column":null}}],"line":91}},"s":{"0":49,"1":49,"2":49,"3":49,"4":49,"5":39,"6":39,"7":39,"8":0,"9":39,"10":39,"11":49,"12":1,"13":1,"14":1,"15":1,"16":0,"17":49,"18":1,"19":49},"f":{"0":49,"1":39,"2":39,"3":0,"4":39,"5":1,"6":1},"b":{"0":[39,31],"1":[0,0],"2":[0,0],"3":[0,1],"4":[0,49],"5":[0,49],"6":[49,9],"7":[0,9],"8":[0,49],"9":[36,13],"10":[36,13],"11":[36,13]},"meta":{"lastBranch":12,"lastFunction":7,"lastStatement":20,"seen":{"f:10:16:10:25":0,"s:11:28:11:Infinity":0,"s:12:10:12:Infinity":1,"s:13:24:13:Infinity":2,"s:14:10:14:Infinity":3,"s:16:4:30:Infinity":4,"f:16:14:16:20":1,"s:18:8:20:Infinity":5,"f:18:40:18:41":2,"s:19:12:19:Infinity":6,"b:19:20:19:37:19:37:19:41":0,"s:25:12:27:Infinity":7,"f:25:44:25:45":3,"s:26:12:26:Infinity":8,"b:26:20:26:37:26:37:26:41":1,"s:29:8:29:Infinity":9,"f:29:15:29:21":4,"s:29:21:29:Infinity":10,"s:32:25:40:Infinity":11,"f:32:25:32:37":5,"s:33:8:39:Infinity":12,"s:34:12:34:Infinity":13,"s:35:12:35:Infinity":14,"s:36:12:36:Infinity":15,"s:38:12:38:Infinity":16,"b:38:24:38:41:38:41:38:56":2,"s:42:24:44:Infinity":17,"f:42:24:42:30":6,"s:43:8:43:Infinity":18,"b:43:36:43:46:43:46:43:52":3,"s:46:4:99:Infinity":19,"b:47:266:47:298:47:298:47:327":4,"b:50:90:50:95:50:95:50:118":5,"b:57:21:57:Infinity:58:24:80:Infinity":6,"b:67:126:67:131:67:131:67:151":7,"b:87:89:87:94:87:94:87:112":8,"b:88:54:88:79:88:79:88:Infinity":9,"b:89:50:89:65:89:65:89:Infinity":10,"b:92:28:92:Infinity:94:28:94:Infinity":11}}}
,"C:\\Users\\DBU\\Desktop\\analyzer\\AI_Analayzer\\client\\src\\components\\ThemeProvider.tsx": {"path":"C:\\Users\\DBU\\Desktop\\analyzer\\AI_Analayzer\\client\\src\\components\\ThemeProvider.tsx","statementMap":{"0":{"start":{"line":16,"column":41},"end":{"line":19,"column":null}},"1":{"start":{"line":18,"column":20},"end":{"line":18,"column":null}},"2":{"start":{"line":21,"column":6},"end":{"line":21,"column":null}},"3":{"start":{"line":29,"column":26},"end":{"line":31,"column":null}},"4":{"start":{"line":30,"column":15},"end":{"line":30,"column":null}},"5":{"start":{"line":33,"column":4},"end":{"line":49,"column":null}},"6":{"start":{"line":34,"column":21},"end":{"line":34,"column":null}},"7":{"start":{"line":36,"column":8},"end":{"line":36,"column":null}},"8":{"start":{"line":38,"column":8},"end":{"line":46,"column":null}},"9":{"start":{"line":39,"column":32},"end":{"line":42,"column":null}},"10":{"start":{"line":44,"column":12},"end":{"line":44,"column":null}},"11":{"start":{"line":45,"column":12},"end":{"line":45,"column":null}},"12":{"start":{"line":48,"column":8},"end":{"line":48,"column":null}},"13":{"start":{"line":52,"column":4},"end":{"line":67,"column":null}},"14":{"start":{"line":53,"column":8},"end":{"line":53,"column":null}},"15":{"start":{"line":53,"column":32},"end":{"line":53,"column":null}},"16":{"start":{"line":55,"column":27},"end":{"line":55,"column":null}},"17":{"start":{"line":57,"column":29},"end":{"line":63,"column":null}},"18":{"start":{"line":58,"column":25},"end":{"line":58,"column":null}},"19":{"start":{"line":59,"column":12},"end":{"line":59,"column":null}},"20":{"start":{"line":61,"column":32},"end":{"line":61,"column":null}},"21":{"start":{"line":62,"column":12},"end":{"line":62,"column":null}},"22":{"start":{"line":65,"column":8},"end":{"line":65,"column":null}},"23":{"start":{"line":66,"column":8},"end":{"line":66,"column":null}},"24":{"start":{"line":66,"column":21},"end":{"line":66,"column":null}},"25":{"start":{"line":69,"column":18},"end":{"line":75,"column":null}},"26":{"start":{"line":72,"column":12},"end":{"line":72,"column":null}},"27":{"start":{"line":73,"column":12},"end":{"line":73,"column":null}},"28":{"start":{"line":77,"column":4},"end":{"line":80,"column":null}},"29":{"start":{"line":84,"column":24},"end":{"line":91,"column":null}},"30":{"start":{"line":85,"column":10},"end":{"line":85,"column":null}},"31":{"start":{"line":87,"column":4},"end":{"line":88,"column":null}},"32":{"start":{"line":88,"column":8},"end":{"line":88,"column":null}},"33":{"start":{"line":90,"column":4},"end":{"line":90,"column":null}}},"fnMap":{"0":{"name":"(anonymous_0)","decl":{"start":{"line":18,"column":14},"end":{"line":18,"column":20}},"loc":{"start":{"line":18,"column":20},"end":{"line":18,"column":null}},"line":18},"1":{"name":"ThemeProvider","decl":{"start":{"line":23,"column":16},"end":{"line":23,"column":30}},"loc":{"start":{"line":28,"column":23},"end":{"line":82,"column":null}},"line":28},"2":{"name":"(anonymous_2)","decl":{"start":{"line":30,"column":8},"end":{"line":30,"column":15}},"loc":{"start":{"line":30,"column":15},"end":{"line":30,"column":null}},"line":30},"3":{"name":"(anonymous_3)","decl":{"start":{"line":33,"column":14},"end":{"line":33,"column":20}},"loc":{"start":{"line":33,"column":20},"end":{"line":49,"column":7}},"line":33},"4":{"name":"(anonymous_4)","decl":{"start":{"line":52,"column":14},"end":{"line":52,"column":20}},"loc":{"start":{"line":52,"column":20},"end":{"line":67,"column":7}},"line":52},"5":{"name":"(anonymous_5)","decl":{"start":{"line":57,"column":29},"end":{"line":57,"column":35}},"loc":{"start":{"line":57,"column":35},"end":{"line":63,"column":null}},"line":57},"6":{"name":"(anonymous_6)","decl":{"start":{"line":66,"column":15},"end":{"line":66,"column":21}},"loc":{"start":{"line":66,"column":21},"end":{"line":66,"column":null}},"line":66},"7":{"name":"(anonymous_7)","decl":{"start":{"line":71,"column":18},"end":{"line":71,"column":19}},"loc":{"start":{"line":71,"column":36},"end":{"line":74,"column":null}},"line":71},"8":{"name":"(anonymous_8)","decl":{"start":{"line":84,"column":24},"end":{"line":84,"column":30}},"loc":{"start":{"line":84,"column":30},"end":{"line":91,"column":null}},"line":84}},"branchMap":{"0":{"loc":{"start":{"line":25,"column":4},"end":{"line":25,"column":null}},"type":"default-arg","locations":[{"start":{"line":25,"column":19},"end":{"line":25,"column":null}}],"line":25},"1":{"loc":{"start":{"line":26,"column":4},"end":{"line":26,"column":null}},"type":"default-arg","locations":[{"start":{"line":26,"column":17},"end":{"line":26,"column":null}}],"line":26},"2":{"loc":{"start":{"line":30,"column":15},"end":{"line":30,"column":null}},"type":"binary-expr","locations":[{"start":{"line":30,"column":15},"end":{"line":30,"column":61}},{"start":{"line":30,"column":61},"end":{"line":30,"column":null}}],"line":30},"3":{"loc":{"start":{"line":38,"column":8},"end":{"line":46,"column":null}},"type":"if","locations":[{"start":{"line":38,"column":8},"end":{"line":46,"column":null}},{"start":{},"end":{}}],"line":38},"4":{"loc":{"start":{"line":39,"column":32},"end":{"line":42,"column":null}},"type":"cond-expr","locations":[{"start":{"line":41,"column":18},"end":{"line":41,"column":null}},{"start":{"line":42,"column":18},"end":{"line":42,"column":null}}],"line":39},"5":{"loc":{"start":{"line":53,"column":8},"end":{"line":53,"column":null}},"type":"if","locations":[{"start":{"line":53,"column":8},"end":{"line":53,"column":null}},{"start":{},"end":{}}],"line":53},"6":{"loc":{"start":{"line":61,"column":32},"end":{"line":61,"column":null}},"type":"cond-expr","locations":[{"start":{"line":61,"column":53},"end":{"line":61,"column":62}},{"start":{"line":61,"column":62},"end":{"line":61,"column":null}}],"line":61},"7":{"loc":{"start":{"line":87,"column":4},"end":{"line":88,"column":null}},"type":"if","locations":[{"start":{"line":87,"column":4},"end":{"line":88,"column":null}},{"start":{},"end":{}}],"line":87}},"s":{"0":1,"1":0,"2":1,"3":40,"4":39,"5":40,"6":40,"7":40,"8":40,"9":0,"10":0,"11":0,"12":40,"13":40,"14":40,"15":40,"16":0,"17":0,"18":0,"19":0,"20":0,"21":0,"22":0,"23":0,"24":0,"25":40,"26":1,"27":1,"28":40,"29":1,"30":49,"31":49,"32":0,"33":49},"f":{"0":0,"1":40,"2":39,"3":40,"4":40,"5":0,"6":0,"7":1,"8":49},"b":{"0":[40],"1":[40],"2":[39,13],"3":[0,40],"4":[0,0],"5":[40,0],"6":[0,0],"7":[0,49]},"meta":{"lastBranch":8,"lastFunction":9,"lastStatement":34,"seen":{"s:16:41:19:Infinity":0,"f:18:14:18:20":0,"s:18:20:18:Infinity":1,"s:21:6:21:Infinity":2,"f:23:16:23:30":1,"b:25:19:25:Infinity":0,"b:26:17:26:Infinity":1,"s:29:26:31:Infinity":3,"f:30:8:30:15":2,"s:30:15:30:Infinity":4,"b:30:15:30:61:30:61:30:Infinity":2,"s:33:4:49:Infinity":5,"f:33:14:33:20":3,"s:34:21:34:Infinity":6,"s:36:8:36:Infinity":7,"b:38:8:46:Infinity:undefined:undefined:undefined:undefined":3,"s:38:8:46:Infinity":8,"s:39:32:42:Infinity":9,"b:41:18:41:Infinity:42:18:42:Infinity":4,"s:44:12:44:Infinity":10,"s:45:12:45:Infinity":11,"s:48:8:48:Infinity":12,"s:52:4:67:Infinity":13,"f:52:14:52:20":4,"b:53:8:53:Infinity:undefined:undefined:undefined:undefined":5,"s:53:8:53:Infinity":14,"s:53:32:53:Infinity":15,"s:55:27:55:Infinity":16,"s:57:29:63:Infinity":17,"f:57:29:57:35":5,"s:58:25:58:Infinity":18,"s:59:12:59:Infinity":19,"s:61:32:61:Infinity":20,"b:61:53:61:62:61:62:61:Infinity":6,"s:62:12:62:Infinity":21,"s:65:8:65:Infinity":22,"s:66:8:66:Infinity":23,"f:66:15:66:21":6,"s:66:21:66:Infinity":24,"s:69:18:75:Infinity":25,"f:71:18:71:19":7,"s:72:12:72:Infinity":26,"s:73:12:73:Infinity":27,"s:77:4:80:Infinity":28,"s:84:24:91:Infinity":29,"f:84:24:84:30":8,"s:85:10:85:Infinity":30,"b:87:4:88:Infinity:undefined:undefined:undefined:undefined":7,"s:87:4:88:Infinity":31,"s:88:8:88:Infinity":32,"s:90:4:90:Infinity":33}}}
,"C:\\Users\\DBU\\Desktop\\analyzer\\AI_Analayzer\\client\\src\\components\\ui\\badge.tsx": {"path":"C:\\Users\\DBU\\Desktop\\analyzer\\AI_Analayzer\\client\\src\\components\\ui\\badge.tsx","statementMap":{"0":{"start":{"line":4,"column":22},"end":{"line":22,"column":null}},"1":{"start":{"line":30,"column":4},"end":{"line":54,"column":null}}},"fnMap":{"0":{"name":"Badge","decl":{"start":{"line":29,"column":9},"end":{"line":29,"column":15}},"loc":{"start":{"line":29,"column":89},"end":{"line":56,"column":null}},"line":29}},"branchMap":{"0":{"loc":{"start":{"line":29,"column":28},"end":{"line":29,"column":49}},"type":"default-arg","locations":[{"start":{"line":29,"column":38},"end":{"line":29,"column":49}}],"line":29},"1":{"loc":{"start":{"line":48,"column":13},"end":{"line":51,"column":null}},"type":"binary-expr","locations":[{"start":{"line":48,"column":13},"end":{"line":48,"column":null}},{"start":{"line":49,"column":16},"end":{"line":51,"column":null}}],"line":48}},"s":{"0":5,"1":80},"f":{"0":80},"b":{"0":[80],"1":[80,9]},"meta":{"lastBranch":2,"lastFunction":1,"lastStatement":2,"seen":{"s:4:22:22:Infinity":0,"f:29:9:29:15":0,"b:29:38:29:49":0,"s:30:4:54:Infinity":1,"b:48:13:48:Infinity:49:16:51:Infinity":1}}}
,"C:\\Users\\DBU\\Desktop\\analyzer\\AI_Analayzer\\client\\src\\components\\ui\\button.tsx": {"path":"C:\\Users\\DBU\\Desktop\\analyzer\\AI_Analayzer\\client\\src\\components\\ui\\button.tsx","statementMap":{"0":{"start":{"line":14,"column":15},"end":{"line":99,"column":null}},"1":{"start":{"line":16,"column":14},"end":{"line":16,"column":null}},"2":{"start":{"line":19,"column":14},"end":{"line":30,"column":null}},"3":{"start":{"line":32,"column":25},"end":{"line":69,"column":null}},"4":{"start":{"line":71,"column":22},"end":{"line":76,"column":null}},"5":{"start":{"line":78,"column":8},"end":{"line":96,"column":null}},"6":{"start":{"line":100,"column":0},"end":{"line":100,"column":null}}},"fnMap":{"0":{"name":"(anonymous_0)","decl":{"start":{"line":15,"column":4},"end":{"line":15,"column":5}},"loc":{"start":{"line":15,"column":127},"end":{"line":98,"column":null}},"line":15}},"branchMap":{"0":{"loc":{"start":{"line":15,"column":18},"end":{"line":15,"column":39}},"type":"default-arg","locations":[{"start":{"line":15,"column":28},"end":{"line":15,"column":39}}],"line":15},"1":{"loc":{"start":{"line":15,"column":39},"end":{"line":15,"column":57}},"type":"default-arg","locations":[{"start":{"line":15,"column":46},"end":{"line":15,"column":57}}],"line":15},"2":{"loc":{"start":{"line":15,"column":57},"end":{"line":15,"column":76}},"type":"default-arg","locations":[{"start":{"line":15,"column":69},"end":{"line":15,"column":76}}],"line":15},"3":{"loc":{"start":{"line":21,"column":12},"end":{"line":21,"column":null}},"type":"cond-expr","locations":[{"start":{"line":21,"column":35},"end":{"line":21,"column":76}},{"start":{"line":21,"column":76},"end":{"line":21,"column":null}}],"line":21},"4":{"loc":{"start":{"line":25,"column":12},"end":{"line":25,"column":null}},"type":"cond-expr","locations":[{"start":{"line":25,"column":35},"end":{"line":25,"column":55}},{"start":{"line":25,"column":55},"end":{"line":25,"column":null}}],"line":25},"5":{"loc":{"start":{"line":27,"column":12},"end":{"line":27,"column":null}},"type":"cond-expr","locations":[{"start":{"line":27,"column":35},"end":{"line":27,"column":40}},{"start":{"line":27,"column":40},"end":{"line":27,"column":null}}],"line":27},"6":{"loc":{"start":{"line":36,"column":16},"end":{"line":36,"column":null}},"type":"cond-expr","locations":[{"start":{"line":36,"column":39},"end":{"line":36,"column":44}},{"start":{"line":36,"column":44},"end":{"line":36,"column":null}}],"line":36},"7":{"loc":{"start":{"line":42,"column":16},"end":{"line":42,"column":null}},"type":"cond-expr","locations":[{"start":{"line":42,"column":39},"end":{"line":42,"column":44}},{"start":{"line":42,"column":44},"end":{"line":42,"column":null}}],"line":42},"8":{"loc":{"start":{"line":48,"column":16},"end":{"line":48,"column":null}},"type":"cond-expr","locations":[{"start":{"line":48,"column":39},"end":{"line":48,"column":44}},{"start":{"line":48,"column":44},"end":{"line":48,"column":null}}],"line":48},"9":{"loc":{"start":{"line":54,"column":16},"end":{"line":54,"column":null}},"type":"cond-expr","locations":[{"start":{"line":54,"column":39},"end":{"line":54,"column":44}},{"start":{"line":54,"column":44},"end":{"line":54,"column":null}}],"line":54},"10":{"loc":{"start":{"line":60,"column":16},"end":{"line":60,"column":null}},"type":"cond-expr","locations":[{"start":{"line":60,"column":39},"end":{"line":60,"column":44}},{"start":{"line":60,"column":44},"end":{"line":60,"column":null}}],"line":60},"11":{"loc":{"start":{"line":66,"column":16},"end":{"line":66,"column":null}},"type":"cond-expr","locations":[{"start":{"line":66,"column":39},"end":{"line":66,"column":44}},{"start":{"line":66,"column":44},"end":{"line":66,"column":null}}],"line":66},"12":{"loc":{"start":{"line":83,"column":26},"end":{"line":83,"column":null}},"type":"binary-expr","locations":[{"start":{"line":83,"column":26},"end":{"line":83,"column":38}},{"start":{"line":83,"column":38},"end":{"line":83,"column":null}}],"line":83},"13":{"loc":{"start":{"line":88,"column":17},"end":{"line":94,"column":null}},"type":"cond-expr","locations":[{"start":{"line":89,"column":20},"end":{"line":92,"column":null}},{"start":{"line":94,"column":20},"end":{"line":94,"column":null}}],"line":88}},"s":{"0":8,"1":201,"2":201,"3":201,"4":201,"5":201,"6":8},"f":{"0":201},"b":{"0":[201],"1":[201],"2":[201],"3":[16,185],"4":[16,185],"5":[16,185],"6":[16,185],"7":[16,185],"8":[16,185],"9":[16,185],"10":[16,185],"11":[16,185],"12":[201,191],"13":[4,197]},"meta":{"lastBranch":14,"lastFunction":1,"lastStatement":7,"seen":{"s:14:15:99:Infinity":0,"f:15:4:15:5":0,"b:15:28:15:39":0,"b:15:46:15:57":1,"b:15:69:15:76":2,"s:16:14:16:Infinity":1,"s:19:14:30:Infinity":2,"b:21:35:21:76:21:76:21:Infinity":3,"b:25:35:25:55:25:55:25:Infinity":4,"b:27:35:27:40:27:40:27:Infinity":5,"s:32:25:69:Infinity":3,"b:36:39:36:44:36:44:36:Infinity":6,"b:42:39:42:44:42:44:42:Infinity":7,"b:48:39:48:44:48:44:48:Infinity":8,"b:54:39:54:44:54:44:54:Infinity":9,"b:60:39:60:44:60:44:60:Infinity":10,"b:66:39:66:44:66:44:66:Infinity":11,"s:71:22:76:Infinity":4,"s:78:8:96:Infinity":5,"b:83:26:83:38:83:38:83:Infinity":12,"b:89:20:92:Infinity:94:20:94:Infinity":13,"s:100:0:100:Infinity":6}}}
,"C:\\Users\\DBU\\Desktop\\analyzer\\AI_Analayzer\\client\\src\\components\\ui\\card.tsx": {"path":"C:\\Users\\DBU\\Desktop\\analyzer\\AI_Analayzer\\client\\src\\components\\ui\\card.tsx","statementMap":{"0":{"start":{"line":5,"column":13},"end":{"line":23,"column":null}},"1":{"start":{"line":9,"column":10},"end":{"line":9,"column":null}},"2":{"start":{"line":11,"column":4},"end":{"line":21,"column":null}},"3":{"start":{"line":24,"column":0},"end":{"line":24,"column":null}},"4":{"start":{"line":26,"column":19},"end":{"line":35,"column":null}},"5":{"start":{"line":30,"column":4},"end":{"line":34,"column":null}},"6":{"start":{"line":36,"column":0},"end":{"line":36,"column":null}},"7":{"start":{"line":38,"column":18},"end":{"line":50,"column":null}},"8":{"start":{"line":42,"column":4},"end":{"line":49,"column":null}},"9":{"start":{"line":51,"column":0},"end":{"line":51,"column":null}},"10":{"start":{"line":53,"column":24},"end":{"line":65,"column":null}},"11":{"start":{"line":57,"column":4},"end":{"line":64,"column":null}},"12":{"start":{"line":66,"column":0},"end":{"line":66,"column":null}},"13":{"start":{"line":68,"column":20},"end":{"line":73,"column":null}},"14":{"start":{"line":72,"column":4},"end":{"line":72,"column":null}},"15":{"start":{"line":74,"column":0},"end":{"line":74,"column":null}},"16":{"start":{"line":76,"column":19},"end":{"line":85,"column":null}},"17":{"start":{"line":80,"column":4},"end":{"line":84,"column":null}},"18":{"start":{"line":86,"column":0},"end":{"line":86,"column":null}}},"fnMap":{"0":{"name":"(anonymous_0)","decl":{"start":{"line":8,"column":2},"end":{"line":8,"column":3}},"loc":{"start":{"line":8,"column":36},"end":{"line":23,"column":1}},"line":8},"1":{"name":"(anonymous_1)","decl":{"start":{"line":29,"column":2},"end":{"line":29,"column":3}},"loc":{"start":{"line":30,"column":4},"end":{"line":34,"column":null}},"line":30},"2":{"name":"(anonymous_2)","decl":{"start":{"line":41,"column":2},"end":{"line":41,"column":3}},"loc":{"start":{"line":42,"column":4},"end":{"line":49,"column":null}},"line":42},"3":{"name":"(anonymous_3)","decl":{"start":{"line":56,"column":2},"end":{"line":56,"column":3}},"loc":{"start":{"line":57,"column":4},"end":{"line":64,"column":null}},"line":57},"4":{"name":"(anonymous_4)","decl":{"start":{"line":71,"column":2},"end":{"line":71,"column":3}},"loc":{"start":{"line":72,"column":4},"end":{"line":72,"column":null}},"line":72},"5":{"name":"(anonymous_5)","decl":{"start":{"line":79,"column":2},"end":{"line":79,"column":3}},"loc":{"start":{"line":80,"column":4},"end":{"line":84,"column":null}},"line":80}},"branchMap":{"0":{"loc":{"start":{"line":16,"column":16},"end":{"line":16,"column":null}},"type":"cond-expr","locations":[{"start":{"line":16,"column":39},"end":{"line":16,"column":71}},{"start":{"line":16,"column":71},"end":{"line":16,"column":null}}],"line":16},"1":{"loc":{"start":{"line":17,"column":16},"end":{"line":17,"column":null}},"type":"cond-expr","locations":[{"start":{"line":17,"column":39},"end":{"line":17,"column":90}},{"start":{"line":17,"column":90},"end":{"line":17,"column":null}}],"line":17}},"s":{"0":6,"1":73,"2":73,"3":6,"4":6,"5":20,"6":6,"7":6,"8":15,"9":6,"10":6,"11":4,"12":6,"13":6,"14":19,"15":6,"16":6,"17":4,"18":6},"f":{"0":73,"1":20,"2":15,"3":4,"4":19,"5":4},"b":{"0":[14,59],"1":[14,59]},"meta":{"lastBranch":2,"lastFunction":6,"lastStatement":19,"seen":{"s:5:13:23:Infinity":0,"f:8:2:8:3":0,"s:9:10:9:Infinity":1,"s:11:4:21:Infinity":2,"b:16:39:16:71:16:71:16:Infinity":0,"b:17:39:17:90:17:90:17:Infinity":1,"s:24:0:24:Infinity":3,"s:26:19:35:Infinity":4,"f:29:2:29:3":1,"s:30:4:34:Infinity":5,"s:36:0:36:Infinity":6,"s:38:18:50:Infinity":7,"f:41:2:41:3":2,"s:42:4:49:Infinity":8,"s:51:0:51:Infinity":9,"s:53:24:65:Infinity":10,"f:56:2:56:3":3,"s:57:4:64:Infinity":11,"s:66:0:66:Infinity":12,"s:68:20:73:Infinity":13,"f:71:2:71:3":4,"s:72:4:72:Infinity":14,"s:74:0:74:Infinity":15,"s:76:19:85:Infinity":16,"f:79:2:79:3":5,"s:80:4:84:Infinity":17,"s:86:0:86:Infinity":18}}}
,"C:\\Users\\DBU\\Desktop\\analyzer\\AI_Analayzer\\client\\src\\components\\ui\\input.tsx": {"path":"C:\\Users\\DBU\\Desktop\\analyzer\\AI_Analayzer\\client\\src\\components\\ui\\input.tsx","statementMap":{"0":{"start":{"line":12,"column":14},"end":{"line":35,"column":null}},"1":{"start":{"line":14,"column":8},"end":{"line":32,"column":null}},"2":{"start":{"line":36,"column":0},"end":{"line":36,"column":null}}},"fnMap":{"0":{"name":"(anonymous_0)","decl":{"start":{"line":13,"column":4},"end":{"line":13,"column":5}},"loc":{"start":{"line":13,"column":88},"end":{"line":34,"column":null}},"line":13}},"branchMap":{"0":{"loc":{"start":{"line":19,"column":20},"end":{"line":23,"column":null}},"type":"cond-expr","locations":[{"start":{"line":20,"column":26},"end":{"line":20,"column":null}},{"start":{"line":21,"column":26},"end":{"line":23,"column":null}}],"line":19},"1":{"loc":{"start":{"line":21,"column":26},"end":{"line":23,"column":null}},"type":"cond-expr","locations":[{"start":{"line":22,"column":30},"end":{"line":22,"column":null}},{"start":{"line":23,"column":30},"end":{"line":23,"column":null}}],"line":21}},"s":{"0":7,"1":100,"2":7},"f":{"0":100},"b":{"0":[11,89],"1":[8,81]},"meta":{"lastBranch":2,"lastFunction":1,"lastStatement":3,"seen":{"s:12:14:35:Infinity":0,"f:13:4:13:5":0,"s:14:8:32:Infinity":1,"b:20:26:20:Infinity:21:26:23:Infinity":0,"b:22:30:22:Infinity:23:30:23:Infinity":1,"s:36:0:36:Infinity":2}}}
,"C:\\Users\\DBU\\Desktop\\analyzer\\AI_Analayzer\\client\\src\\components\\ui\\textarea.tsx": {"path":"C:\\Users\\DBU\\Desktop\\analyzer\\AI_Analayzer\\client\\src\\components\\ui\\textarea.tsx","statementMap":{"0":{"start":{"line":10,"column":17},"end":{"line":29,"column":null}},"1":{"start":{"line":12,"column":8},"end":{"line":26,"column":null}},"2":{"start":{"line":30,"column":0},"end":{"line":30,"column":null}}},"fnMap":{"0":{"name":"(anonymous_0)","decl":{"start":{"line":11,"column":4},"end":{"line":11,"column":5}},"loc":{"start":{"line":11,"column":54},"end":{"line":28,"column":null}},"line":11}},"branchMap":{"0":{"loc":{"start":{"line":16,"column":20},"end":{"line":20,"column":null}},"type":"cond-expr","locations":[{"start":{"line":17,"column":26},"end":{"line":17,"column":null}},{"start":{"line":18,"column":26},"end":{"line":20,"column":null}}],"line":16},"1":{"loc":{"start":{"line":18,"column":26},"end":{"line":20,"column":null}},"type":"cond-expr","locations":[{"start":{"line":19,"column":30},"end":{"line":19,"column":null}},{"start":{"line":20,"column":30},"end":{"line":20,"column":null}}],"line":18}},"s":{"0":1,"1":7,"2":1},"f":{"0":7},"b":{"0":[1,6],"1":[1,5]},"meta":{"lastBranch":2,"lastFunction":1,"lastStatement":3,"seen":{"s:10:17:29:Infinity":0,"f:11:4:11:5":0,"s:12:8:26:Infinity":1,"b:17:26:17:Infinity:18:26:20:Infinity":0,"b:19:30:19:Infinity:20:30:20:Infinity":1,"s:30:0:30:Infinity":2}}}
,"C:\\Users\\DBU\\Desktop\\analyzer\\AI_Analayzer\\client\\src\\hooks\\useReducedMotion.ts": {"path":"C:\\Users\\DBU\\Desktop\\analyzer\\AI_Analayzer\\client\\src\\hooks\\useReducedMotion.ts","statementMap":{"0":{"start":{"line":13,"column":54},"end":{"line":18,"column":null}},"1":{"start":{"line":14,"column":4},"end":{"line":16,"column":null}},"2":{"start":{"line":15,"column":6},"end":{"line":15,"column":null}},"3":{"start":{"line":17,"column":4},"end":{"line":17,"column":null}},"4":{"start":{"line":20,"column":2},"end":{"line":41,"column":null}},"5":{"start":{"line":22,"column":4},"end":{"line":24,"column":null}},"6":{"start":{"line":23,"column":6},"end":{"line":23,"column":null}},"7":{"start":{"line":27,"column":23},"end":{"line":27,"column":null}},"8":{"start":{"line":30,"column":25},"end":{"line":32,"column":null}},"9":{"start":{"line":31,"column":6},"end":{"line":31,"column":null}},"10":{"start":{"line":35,"column":4},"end":{"line":35,"column":null}},"11":{"start":{"line":38,"column":4},"end":{"line":40,"column":null}},"12":{"start":{"line":39,"column":6},"end":{"line":39,"column":null}},"13":{"start":{"line":43,"column":2},"end":{"line":43,"column":null}},"14":{"start":{"line":60,"column":2},"end":{"line":60,"column":null}},"15":{"start":{"line":77,"column":2},"end":{"line":77,"column":null}},"16":{"start":{"line":94,"column":2},"end":{"line":94,"column":null}}},"fnMap":{"0":{"name":"useReducedMotion","decl":{"start":{"line":11,"column":16},"end":{"line":11,"column":44}},"loc":{"start":{"line":11,"column":44},"end":{"line":44,"column":null}},"line":11},"1":{"name":"(anonymous_1)","decl":{"start":{"line":13,"column":67},"end":{"line":13,"column":73}},"loc":{"start":{"line":13,"column":73},"end":{"line":18,"column":3}},"line":13},"2":{"name":"(anonymous_2)","decl":{"start":{"line":20,"column":12},"end":{"line":20,"column":18}},"loc":{"start":{"line":20,"column":18},"end":{"line":41,"column":5}},"line":20},"3":{"name":"(anonymous_3)","decl":{"start":{"line":30,"column":25},"end":{"line":30,"column":26}},"loc":{"start":{"line":30,"column":53},"end":{"line":32,"column":null}},"line":30},"4":{"name":"(anonymous_4)","decl":{"start":{"line":38,"column":11},"end":{"line":38,"column":17}},"loc":{"start":{"line":38,"column":17},"end":{"line":40,"column":null}},"line":38},"5":{"name":"getAnimationClass","decl":{"start":{"line":56,"column":16},"end":{"line":56,"column":null}},"loc":{"start":{"line":59,"column":10},"end":{"line":61,"column":null}},"line":59},"6":{"name":"getAnimationDuration","decl":{"start":{"line":73,"column":16},"end":{"line":73,"column":null}},"loc":{"start":{"line":76,"column":10},"end":{"line":78,"column":null}},"line":76},"7":{"name":"getAnimationStyle","decl":{"start":{"line":90,"column":16},"end":{"line":90,"column":null}},"loc":{"start":{"line":93,"column":26},"end":{"line":95,"column":null}},"line":93}},"branchMap":{"0":{"loc":{"start":{"line":14,"column":4},"end":{"line":16,"column":null}},"type":"if","locations":[{"start":{"line":14,"column":4},"end":{"line":16,"column":null}},{"start":{},"end":{}}],"line":14},"1":{"loc":{"start":{"line":22,"column":4},"end":{"line":24,"column":null}},"type":"if","locations":[{"start":{"line":22,"column":4},"end":{"line":24,"column":null}},{"start":{},"end":{}}],"line":22},"2":{"loc":{"start":{"line":60,"column":9},"end":{"line":60,"column":null}},"type":"cond-expr","locations":[{"start":{"line":60,"column":32},"end":{"line":60,"column":37}},{"start":{"line":60,"column":37},"end":{"line":60,"column":null}}],"line":60},"3":{"loc":{"start":{"line":77,"column":9},"end":{"line":77,"column":null}},"type":"cond-expr","locations":[{"start":{"line":77,"column":32},"end":{"line":77,"column":38}},{"start":{"line":77,"column":38},"end":{"line":77,"column":null}}],"line":77},"4":{"loc":{"start":{"line":94,"column":9},"end":{"line":94,"column":null}},"type":"cond-expr","locations":[{"start":{"line":94,"column":32},"end":{"line":94,"column":37}},{"start":{"line":94,"column":37},"end":{"line":94,"column":null}}],"line":94}},"s":{"0":215,"1":213,"2":178,"3":35,"4":215,"5":213,"6":178,"7":35,"8":35,"9":1,"10":35,"11":35,"12":35,"13":215,"14":6,"15":6,"16":5},"f":{"0":215,"1":213,"2":213,"3":1,"4":35,"5":6,"6":6,"7":5},"b":{"0":[178,35],"1":[178,35],"2":[3,3],"3":[3,3],"4":[2,3]},"meta":{"lastBranch":5,"lastFunction":8,"lastStatement":17,"seen":{"f:11:16:11:44":0,"s:13:54:18:Infinity":0,"f:13:67:13:73":1,"b:14:4:16:Infinity:undefined:undefined:undefined:undefined":0,"s:14:4:16:Infinity":1,"s:15:6:15:Infinity":2,"s:17:4:17:Infinity":3,"s:20:2:41:Infinity":4,"f:20:12:20:18":2,"b:22:4:24:Infinity:undefined:undefined:undefined:undefined":1,"s:22:4:24:Infinity":5,"s:23:6:23:Infinity":6,"s:27:23:27:Infinity":7,"s:30:25:32:Infinity":8,"f:30:25:30:26":3,"s:31:6:31:Infinity":9,"s:35:4:35:Infinity":10,"s:38:4:40:Infinity":11,"f:38:11:38:17":4,"s:39:6:39:Infinity":12,"s:43:2:43:Infinity":13,"f:56:16:56:Infinity":5,"s:60:2:60:Infinity":14,"b:60:32:60:37:60:37:60:Infinity":2,"f:73:16:73:Infinity":6,"s:77:2:77:Infinity":15,"b:77:32:77:38:77:38:77:Infinity":3,"f:90:16:90:Infinity":7,"s:94:2:94:Infinity":16,"b:94:32:94:37:94:37:94:Infinity":4}}}
,"C:\\Users\\DBU\\Desktop\\analyzer\\AI_Analayzer\\client\\src\\lib\\utils.ts": {"path":"C:\\Users\\DBU\\Desktop\\analyzer\\AI_Analayzer\\client\\src\\lib\\utils.ts","statementMap":{"0":{"start":{"line":5,"column":4},"end":{"line":5,"column":null}}},"fnMap":{"0":{"name":"cn","decl":{"start":{"line":4,"column":16},"end":{"line":4,"column":22}},"loc":{"start":{"line":4,"column":44},"end":{"line":6,"column":null}},"line":4}},"branchMap":{},"s":{"0":1930},"f":{"0":1930},"b":{},"meta":{"lastBranch":0,"lastFunction":1,"lastStatement":1,"seen":{"f:4:16:4:22":0,"s:5:4:5:Infinity":0}}}
}
